0 silly argv {
0 silly argv   _: [ 'run' ],
0 silly argv   stream: true,
0 silly argv   lernaVersion: '8.1.9',
0 silly argv   '$0': '/Users/dmitriyonischenko/Work/starwind-example/node_modules/.bin/lerna',
0 silly argv   script: 'start'
0 silly argv }
1 notice cli v8.1.9
2 verbose packageConfigs Explicit "packages" configuration found in lerna.json. Resolving packages using the configured glob(s): ["plugins/*"]
3 verbose rootPath /Users/dmitriyonischenko/Work/starwind-example
4 error Failed to process project graph. Run "nx reset" to fix this. Please report the issue if you keep seeing it.
4 error       MultipleProjectsWithSameNameError: The following projects are defined in multiple locations:
4 error   - starwind-plugin-a:
4 error     - plugins/starwind-plugin-a
4 error     - plugins/starwind-plugin-d
4 error
4 error   To fix this, set a unique name for each project in a project.json inside the project's root. If the project does not currently have a project.json, you can create one that contains only a name.
4 error       at validateAndNormalizeProjectRootMap (/Users/dmitriyonischenko/Work/starwind-example/node_modules/nx/src/project-graph/utils/project-configuration-utils.js:439:15)
4 error       at mergeCreateNodesResults (/Users/dmitriyonischenko/Work/starwind-example/node_modules/nx/src/project-graph/utils/project-configuration-utils.js:325:9)
4 error       at /Users/dmitriyonischenko/Work/starwind-example/node_modules/nx/src/project-graph/utils/project-configuration-utils.js:270:85
4 error       at process.processTicksAndRejections (node:internal/process/task_queues:105:5)
4 error       at async buildProjectGraphAndSourceMapsWithoutDaemon (/Users/dmitriyonischenko/Work/starwind-example/node_modules/nx/src/project-graph/project-graph.js:81:31)
4 error       at async createProjectGraphAndSourceMapsAsync (/Users/dmitriyonischenko/Work/starwind-example/node_modules/nx/src/project-graph/project-graph.js:216:25)
4 error       at async createProjectGraphAsync (/Users/dmitriyonischenko/Work/starwind-example/node_modules/nx/src/project-graph/project-graph.js:206:39)
4 error       at async detectProjects (/Users/dmitriyonischenko/Work/starwind-example/node_modules/lerna/dist/index.js:2999:25)
